<?xml version="1.0" encoding="UTF-8"?>
<testsuite name="com.ssafy.adventsvr.advents.AdventServiceTest" tests="1" skipped="0" failures="0" errors="0" timestamp="2022-04-18T19:20:43" hostname="kyeongminui-MacBookAir.local" time="0.13">
  <properties/>
  <testcase name="inputAdventTest()" classname="com.ssafy.adventsvr.advents.AdventServiceTest" time="0.13"/>
  <system-out><![CDATA[04:20:40.841 [Test worker] DEBUG org.springframework.test.context.BootstrapUtils - Instantiating CacheAwareContextLoaderDelegate from class [org.springframework.test.context.cache.DefaultCacheAwareContextLoaderDelegate]
04:20:40.846 [Test worker] DEBUG org.springframework.test.context.BootstrapUtils - Instantiating BootstrapContext using constructor [public org.springframework.test.context.support.DefaultBootstrapContext(java.lang.Class,org.springframework.test.context.CacheAwareContextLoaderDelegate)]
04:20:40.863 [Test worker] DEBUG org.springframework.test.context.BootstrapUtils - Instantiating TestContextBootstrapper for test class [com.ssafy.adventsvr.advents.AdventServiceTest] from class [org.springframework.boot.test.context.SpringBootTestContextBootstrapper]
04:20:40.869 [Test worker] INFO org.springframework.boot.test.context.SpringBootTestContextBootstrapper - Neither @ContextConfiguration nor @ContextHierarchy found for test class [com.ssafy.adventsvr.advents.AdventServiceTest], using SpringBootContextLoader
04:20:40.871 [Test worker] DEBUG org.springframework.test.context.support.AbstractContextLoader - Did not detect default resource location for test class [com.ssafy.adventsvr.advents.AdventServiceTest]: class path resource [com/ssafy/adventsvr/advents/AdventServiceTest-context.xml] does not exist
04:20:40.872 [Test worker] DEBUG org.springframework.test.context.support.AbstractContextLoader - Did not detect default resource location for test class [com.ssafy.adventsvr.advents.AdventServiceTest]: class path resource [com/ssafy/adventsvr/advents/AdventServiceTestContext.groovy] does not exist
04:20:40.872 [Test worker] INFO org.springframework.test.context.support.AbstractContextLoader - Could not detect default resource locations for test class [com.ssafy.adventsvr.advents.AdventServiceTest]: no resource found for suffixes {-context.xml, Context.groovy}.
04:20:40.872 [Test worker] INFO org.springframework.test.context.support.AnnotationConfigContextLoaderUtils - Could not detect default configuration classes for test class [com.ssafy.adventsvr.advents.AdventServiceTest]: AdventServiceTest does not declare any static, non-private, non-final, nested classes annotated with @Configuration.
04:20:40.902 [Test worker] DEBUG org.springframework.test.context.support.ActiveProfilesUtils - Could not find an 'annotation declaring class' for annotation type [org.springframework.test.context.ActiveProfiles] and class [com.ssafy.adventsvr.advents.AdventServiceTest]
04:20:40.932 [Test worker] DEBUG org.springframework.context.annotation.ClassPathScanningCandidateComponentProvider - Identified candidate component class: file [/Users/kyeongmin/ssafy3/C206/backend/AdventServer/build/classes/java/main/com/ssafy/adventsvr/AdventServerApplication.class]
04:20:40.932 [Test worker] INFO org.springframework.boot.test.context.SpringBootTestContextBootstrapper - Found @SpringBootConfiguration com.ssafy.adventsvr.AdventServerApplication for test class com.ssafy.adventsvr.advents.AdventServiceTest
04:20:40.981 [Test worker] DEBUG org.springframework.boot.test.context.SpringBootTestContextBootstrapper - @TestExecutionListeners is not present for class [com.ssafy.adventsvr.advents.AdventServiceTest]: using defaults.
04:20:40.982 [Test worker] INFO org.springframework.boot.test.context.SpringBootTestContextBootstrapper - Loaded default TestExecutionListener class names from location [META-INF/spring.factories]: [org.springframework.boot.test.autoconfigure.restdocs.RestDocsTestExecutionListener, org.springframework.boot.test.autoconfigure.web.client.MockRestServiceServerResetTestExecutionListener, org.springframework.boot.test.autoconfigure.web.servlet.MockMvcPrintOnlyOnFailureTestExecutionListener, org.springframework.boot.test.autoconfigure.web.servlet.WebDriverTestExecutionListener, org.springframework.boot.test.autoconfigure.webservices.client.MockWebServiceServerTestExecutionListener, org.springframework.boot.test.mock.mockito.MockitoTestExecutionListener, org.springframework.boot.test.mock.mockito.ResetMocksTestExecutionListener, org.springframework.test.context.web.ServletTestExecutionListener, org.springframework.test.context.support.DirtiesContextBeforeModesTestExecutionListener, org.springframework.test.context.event.ApplicationEventsTestExecutionListener, org.springframework.test.context.support.DependencyInjectionTestExecutionListener, org.springframework.test.context.support.DirtiesContextTestExecutionListener, org.springframework.test.context.transaction.TransactionalTestExecutionListener, org.springframework.test.context.jdbc.SqlScriptsTestExecutionListener, org.springframework.test.context.event.EventPublishingTestExecutionListener]
04:20:40.996 [Test worker] INFO org.springframework.boot.test.context.SpringBootTestContextBootstrapper - Using TestExecutionListeners: [org.springframework.test.context.web.ServletTestExecutionListener@4acf72b6, org.springframework.test.context.support.DirtiesContextBeforeModesTestExecutionListener@7561db12, org.springframework.test.context.event.ApplicationEventsTestExecutionListener@3301500b, org.springframework.boot.test.mock.mockito.MockitoTestExecutionListener@24b52d3e, org.springframework.boot.test.autoconfigure.SpringBootDependencyInjectionTestExecutionListener@15deb1dc, org.springframework.test.context.support.DirtiesContextTestExecutionListener@6e9c413e, org.springframework.test.context.transaction.TransactionalTestExecutionListener@57a4d5ee, org.springframework.test.context.jdbc.SqlScriptsTestExecutionListener@5af5def9, org.springframework.test.context.event.EventPublishingTestExecutionListener@3a45c42a, org.springframework.boot.test.autoconfigure.restdocs.RestDocsTestExecutionListener@36dce7ed, org.springframework.boot.test.autoconfigure.web.client.MockRestServiceServerResetTestExecutionListener@47a64f7d, org.springframework.boot.test.autoconfigure.web.servlet.MockMvcPrintOnlyOnFailureTestExecutionListener@33d05366, org.springframework.boot.test.autoconfigure.web.servlet.WebDriverTestExecutionListener@27a0a5a2, org.springframework.boot.test.autoconfigure.webservices.client.MockWebServiceServerTestExecutionListener@7692cd34, org.springframework.boot.test.mock.mockito.ResetMocksTestExecutionListener@33aa93c]
04:20:40.998 [Test worker] DEBUG org.springframework.test.context.support.AbstractDirtiesContextTestExecutionListener - Before test class: context [DefaultTestContext@41de5768 testClass = AdventServiceTest, testInstance = [null], testMethod = [null], testException = [null], mergedContextConfiguration = [WebMergedContextConfiguration@5f577419 testClass = AdventServiceTest, locations = '{}', classes = '{class com.ssafy.adventsvr.AdventServerApplication}', contextInitializerClasses = '[]', activeProfiles = '{}', propertySourceLocations = '{}', propertySourceProperties = '{org.springframework.boot.test.context.SpringBootTestContextBootstrapper=true}', contextCustomizers = set[org.springframework.boot.test.autoconfigure.actuate.metrics.MetricsExportContextCustomizerFactory$DisableMetricExportContextCustomizer@41813449, org.springframework.boot.test.autoconfigure.properties.PropertyMappingContextCustomizer@0, org.springframework.boot.test.autoconfigure.web.servlet.WebDriverContextCustomizerFactory$Customizer@5bfa8cc5, org.springframework.boot.test.context.filter.ExcludeFilterContextCustomizer@3b220bcb, org.springframework.boot.test.json.DuplicateJsonObjectContextCustomizerFactory$DuplicateJsonObjectContextCustomizer@3dddefd8, org.springframework.boot.test.mock.mockito.MockitoContextCustomizer@0, org.springframework.boot.test.web.client.TestRestTemplateContextCustomizer@5b11a194, org.springframework.boot.test.context.SpringBootTestArgs@1, org.springframework.boot.test.context.SpringBootTestWebEnvironment@b86de0d], resourceBasePath = 'src/main/webapp', contextLoader = 'org.springframework.boot.test.context.SpringBootContextLoader', parent = [null]], attributes = map['org.springframework.test.context.web.ServletTestExecutionListener.activateListener' -> true]], class annotated with @DirtiesContext [false] with mode [null].

  .   ____          _            __ _ _
 /\\ / ___'_ __ _ _(_)_ __  __ _ \ \ \ \
( ( )\___ | '_ | '_| | '_ \/ _` | \ \ \ \
 \\/  ___)| |_)| | | | | || (_| |  ) ) ) )
  '  |____| .__|_| |_|_| |_\__, | / / / /
 =========|_|==============|___/=/_/_/_/
 :: Spring Boot ::                (v2.6.6)

2022-04-19 04:20:41.204  INFO 22453 --- [    Test worker] c.s.adventsvr.advents.AdventServiceTest  : Starting AdventServiceTest using Java 11.0.13 on kyeongminui-MacBookAir.local with PID 22453 (started by kyeongmin in /Users/kyeongmin/ssafy3/C206/backend/AdventServer)
2022-04-19 04:20:41.204  INFO 22453 --- [    Test worker] c.s.adventsvr.advents.AdventServiceTest  : No active profile set, falling back to 1 default profile: "default"
2022-04-19 04:20:41.647  INFO 22453 --- [    Test worker] .s.d.r.c.RepositoryConfigurationDelegate : Bootstrapping Spring Data JPA repositories in DEFAULT mode.
2022-04-19 04:20:41.672  INFO 22453 --- [    Test worker] .s.d.r.c.RepositoryConfigurationDelegate : Finished Spring Data repository scanning in 21 ms. Found 2 JPA repository interfaces.
2022-04-19 04:20:41.793  INFO 22453 --- [    Test worker] o.s.cloud.context.scope.GenericScope     : BeanFactory id=000fb75b-4828-3c70-8349-fcf5e7b490bf
2022-04-19 04:20:42.015  INFO 22453 --- [    Test worker] o.hibernate.jpa.internal.util.LogHelper  : HHH000204: Processing PersistenceUnitInfo [name: default]
2022-04-19 04:20:42.044  INFO 22453 --- [    Test worker] org.hibernate.Version                    : HHH000412: Hibernate ORM core version 5.6.7.Final
2022-04-19 04:20:42.140  INFO 22453 --- [    Test worker] o.hibernate.annotations.common.Version   : HCANN000001: Hibernate Commons Annotations {5.1.2.Final}
2022-04-19 04:20:42.190  INFO 22453 --- [    Test worker] com.zaxxer.hikari.HikariDataSource       : HikariPool-1 - Starting...
2022-04-19 04:20:42.277  INFO 22453 --- [    Test worker] com.zaxxer.hikari.HikariDataSource       : HikariPool-1 - Start completed.
2022-04-19 04:20:42.292  INFO 22453 --- [    Test worker] org.hibernate.dialect.Dialect            : HHH000400: Using dialect: org.hibernate.dialect.MySQL8Dialect
2022-04-19 04:20:42.641  INFO 22453 --- [    Test worker] o.h.e.t.j.p.i.JtaPlatformInitiator       : HHH000490: Using JtaPlatform implementation: [org.hibernate.engine.transaction.jta.platform.internal.NoJtaPlatform]
2022-04-19 04:20:42.646  INFO 22453 --- [    Test worker] j.LocalContainerEntityManagerFactoryBean : Initialized JPA EntityManagerFactory for persistence unit 'default'
2022-04-19 04:20:42.980  WARN 22453 --- [    Test worker] JpaBaseConfiguration$JpaWebConfiguration : spring.jpa.open-in-view is enabled by default. Therefore, database queries may be performed during view rendering. Explicitly configure spring.jpa.open-in-view to disable this warning
2022-04-19 04:20:43.632  INFO 22453 --- [    Test worker] c.s.adventsvr.advents.AdventServiceTest  : Started AdventServiceTest in 2.615 seconds (JVM running for 3.336)
Hibernate: 
    insert 
    into
        advent
        (create_at, modified_at, day, end_at, is_received, password, password_hint, random_url, received_at, recipient_name, user_id) 
    values
        (?, ?, ?, ?, ?, ?, ?, ?, ?, ?, ?)
Hibernate: 
    select
        advent0_.advent_id as advent_i1_0_0_,
        advent0_.create_at as create_a2_0_0_,
        advent0_.modified_at as modified3_0_0_,
        advent0_.day as day4_0_0_,
        advent0_.end_at as end_at5_0_0_,
        advent0_.is_received as is_recei6_0_0_,
        advent0_.password as password7_0_0_,
        advent0_.password_hint as password8_0_0_,
        advent0_.random_url as random_u9_0_0_,
        advent0_.received_at as receive10_0_0_,
        advent0_.recipient_name as recipie11_0_0_,
        advent0_.user_id as user_id12_0_0_ 
    from
        advent advent0_ 
    where
        advent0_.advent_id=?
]]></system-out>
  <system-err><![CDATA[]]></system-err>
</testsuite>
