<?xml version="1.0" encoding="UTF-8"?>
<testsuite name="com.ssafy.adventsvr.AdventServerApplicationTests" tests="1" skipped="0" failures="0" errors="0" timestamp="2022-05-04T01:10:16" hostname="kyeongminui-MacBookAir.local" time="0.157">
  <properties/>
  <testcase name="contextLoads()" classname="com.ssafy.adventsvr.AdventServerApplicationTests" time="0.157"/>
  <system-out><![CDATA[10:09:56.876 [Test worker] DEBUG org.springframework.test.context.BootstrapUtils - Instantiating CacheAwareContextLoaderDelegate from class [org.springframework.test.context.cache.DefaultCacheAwareContextLoaderDelegate]
10:09:56.887 [Test worker] DEBUG org.springframework.test.context.BootstrapUtils - Instantiating BootstrapContext using constructor [public org.springframework.test.context.support.DefaultBootstrapContext(java.lang.Class,org.springframework.test.context.CacheAwareContextLoaderDelegate)]
10:09:56.924 [Test worker] DEBUG org.springframework.test.context.BootstrapUtils - Instantiating TestContextBootstrapper for test class [com.ssafy.adventsvr.AdventServerApplicationTests] from class [org.springframework.boot.test.context.SpringBootTestContextBootstrapper]
10:09:56.936 [Test worker] INFO org.springframework.boot.test.context.SpringBootTestContextBootstrapper - Neither @ContextConfiguration nor @ContextHierarchy found for test class [com.ssafy.adventsvr.AdventServerApplicationTests], using SpringBootContextLoader
10:09:56.939 [Test worker] DEBUG org.springframework.test.context.support.AbstractContextLoader - Did not detect default resource location for test class [com.ssafy.adventsvr.AdventServerApplicationTests]: class path resource [com/ssafy/adventsvr/AdventServerApplicationTests-context.xml] does not exist
10:09:56.940 [Test worker] DEBUG org.springframework.test.context.support.AbstractContextLoader - Did not detect default resource location for test class [com.ssafy.adventsvr.AdventServerApplicationTests]: class path resource [com/ssafy/adventsvr/AdventServerApplicationTestsContext.groovy] does not exist
10:09:56.941 [Test worker] INFO org.springframework.test.context.support.AbstractContextLoader - Could not detect default resource locations for test class [com.ssafy.adventsvr.AdventServerApplicationTests]: no resource found for suffixes {-context.xml, Context.groovy}.
10:09:56.941 [Test worker] INFO org.springframework.test.context.support.AnnotationConfigContextLoaderUtils - Could not detect default configuration classes for test class [com.ssafy.adventsvr.AdventServerApplicationTests]: AdventServerApplicationTests does not declare any static, non-private, non-final, nested classes annotated with @Configuration.
10:09:57.033 [Test worker] DEBUG org.springframework.test.context.support.ActiveProfilesUtils - Could not find an 'annotation declaring class' for annotation type [org.springframework.test.context.ActiveProfiles] and class [com.ssafy.adventsvr.AdventServerApplicationTests]
10:09:57.123 [Test worker] DEBUG org.springframework.context.annotation.ClassPathScanningCandidateComponentProvider - Identified candidate component class: file [/Users/kyeongmin/ssafy3/C206/backend/AdventServer/build/classes/java/main/com/ssafy/adventsvr/AdventServerApplication.class]
10:09:57.127 [Test worker] INFO org.springframework.boot.test.context.SpringBootTestContextBootstrapper - Found @SpringBootConfiguration com.ssafy.adventsvr.AdventServerApplication for test class com.ssafy.adventsvr.AdventServerApplicationTests
10:09:57.347 [Test worker] DEBUG org.springframework.boot.test.context.SpringBootTestContextBootstrapper - @TestExecutionListeners is not present for class [com.ssafy.adventsvr.AdventServerApplicationTests]: using defaults.
10:09:57.349 [Test worker] INFO org.springframework.boot.test.context.SpringBootTestContextBootstrapper - Loaded default TestExecutionListener class names from location [META-INF/spring.factories]: [org.springframework.boot.test.autoconfigure.restdocs.RestDocsTestExecutionListener, org.springframework.boot.test.autoconfigure.web.client.MockRestServiceServerResetTestExecutionListener, org.springframework.boot.test.autoconfigure.web.servlet.MockMvcPrintOnlyOnFailureTestExecutionListener, org.springframework.boot.test.autoconfigure.web.servlet.WebDriverTestExecutionListener, org.springframework.boot.test.autoconfigure.webservices.client.MockWebServiceServerTestExecutionListener, org.springframework.boot.test.mock.mockito.MockitoTestExecutionListener, org.springframework.boot.test.mock.mockito.ResetMocksTestExecutionListener, org.springframework.test.context.web.ServletTestExecutionListener, org.springframework.test.context.support.DirtiesContextBeforeModesTestExecutionListener, org.springframework.test.context.event.ApplicationEventsTestExecutionListener, org.springframework.test.context.support.DependencyInjectionTestExecutionListener, org.springframework.test.context.support.DirtiesContextTestExecutionListener, org.springframework.test.context.transaction.TransactionalTestExecutionListener, org.springframework.test.context.jdbc.SqlScriptsTestExecutionListener, org.springframework.test.context.event.EventPublishingTestExecutionListener]
10:09:57.378 [Test worker] INFO org.springframework.boot.test.context.SpringBootTestContextBootstrapper - Using TestExecutionListeners: [org.springframework.test.context.web.ServletTestExecutionListener@36b6964d, org.springframework.test.context.support.DirtiesContextBeforeModesTestExecutionListener@31198ceb, org.springframework.test.context.event.ApplicationEventsTestExecutionListener@9257031, org.springframework.boot.test.mock.mockito.MockitoTestExecutionListener@75201592, org.springframework.boot.test.autoconfigure.SpringBootDependencyInjectionTestExecutionListener@7726e185, org.springframework.test.context.support.DirtiesContextTestExecutionListener@aa5455e, org.springframework.test.context.transaction.TransactionalTestExecutionListener@282308c3, org.springframework.test.context.jdbc.SqlScriptsTestExecutionListener@5dda14d0, org.springframework.test.context.event.EventPublishingTestExecutionListener@1db0ec27, org.springframework.boot.test.autoconfigure.restdocs.RestDocsTestExecutionListener@3d9fc57a, org.springframework.boot.test.autoconfigure.web.client.MockRestServiceServerResetTestExecutionListener@d4ab71a, org.springframework.boot.test.autoconfigure.web.servlet.MockMvcPrintOnlyOnFailureTestExecutionListener@3b4ef7, org.springframework.boot.test.autoconfigure.web.servlet.WebDriverTestExecutionListener@1af05b03, org.springframework.boot.test.autoconfigure.webservices.client.MockWebServiceServerTestExecutionListener@5987e932, org.springframework.boot.test.mock.mockito.ResetMocksTestExecutionListener@1ad777f]
10:09:57.387 [Test worker] DEBUG org.springframework.test.context.support.AbstractDirtiesContextTestExecutionListener - Before test class: context [DefaultTestContext@1e8823d2 testClass = AdventServerApplicationTests, testInstance = [null], testMethod = [null], testException = [null], mergedContextConfiguration = [WebMergedContextConfiguration@c1a4620 testClass = AdventServerApplicationTests, locations = '{}', classes = '{class com.ssafy.adventsvr.AdventServerApplication}', contextInitializerClasses = '[]', activeProfiles = '{}', propertySourceLocations = '{}', propertySourceProperties = '{org.springframework.boot.test.context.SpringBootTestContextBootstrapper=true}', contextCustomizers = set[org.springframework.boot.test.autoconfigure.actuate.metrics.MetricsExportContextCustomizerFactory$DisableMetricExportContextCustomizer@3e5499cc, org.springframework.boot.test.autoconfigure.properties.PropertyMappingContextCustomizer@0, org.springframework.boot.test.autoconfigure.web.servlet.WebDriverContextCustomizerFactory$Customizer@75e91545, org.springframework.boot.test.context.filter.ExcludeFilterContextCustomizer@726e5805, org.springframework.boot.test.json.DuplicateJsonObjectContextCustomizerFactory$DuplicateJsonObjectContextCustomizer@ea9b7c6, org.springframework.boot.test.mock.mockito.MockitoContextCustomizer@0, org.springframework.boot.test.web.client.TestRestTemplateContextCustomizer@41813449, org.springframework.boot.test.context.SpringBootTestArgs@1, org.springframework.boot.test.context.SpringBootTestWebEnvironment@34b9f960], resourceBasePath = 'src/main/webapp', contextLoader = 'org.springframework.boot.test.context.SpringBootContextLoader', parent = [null]], attributes = map['org.springframework.test.context.web.ServletTestExecutionListener.activateListener' -> true]], class annotated with @DirtiesContext [false] with mode [null].

  .   ____          _            __ _ _
 /\\ / ___'_ __ _ _(_)_ __  __ _ \ \ \ \
( ( )\___ | '_ | '_| | '_ \/ _` | \ \ \ \
 \\/  ___)| |_)| | | | | || (_| |  ) ) ) )
  '  |____| .__|_| |_|_| |_\__, | / / / /
 =========|_|==============|___/=/_/_/_/
 :: Spring Boot ::                (v2.6.6)

2022-05-04 10:09:58.527  INFO 23235 --- [    Test worker] c.s.a.AdventServerApplicationTests       : Starting AdventServerApplicationTests using Java 11.0.11 on kyeongminui-MacBookAir.local with PID 23235 (started by kyeongmin in /Users/kyeongmin/ssafy3/C206/backend/AdventServer)
2022-05-04 10:09:58.529  INFO 23235 --- [    Test worker] c.s.a.AdventServerApplicationTests       : The following 2 profiles are active: "aws", "credentials"
2022-05-04 10:10:00.462  INFO 23235 --- [    Test worker] .s.d.r.c.RepositoryConfigurationDelegate : Bootstrapping Spring Data JPA repositories in DEFAULT mode.
2022-05-04 10:10:00.778  INFO 23235 --- [    Test worker] .s.d.r.c.RepositoryConfigurationDelegate : Finished Spring Data repository scanning in 306 ms. Found 2 JPA repository interfaces.
2022-05-04 10:10:08.029  INFO 23235 --- [    Test worker] o.s.cloud.context.scope.GenericScope     : BeanFactory id=d8f6bf76-6175-3e4f-887b-2fcfcbe58205
2022-05-04 10:10:08.318  INFO 23235 --- [    Test worker] trationDelegate$BeanPostProcessorChecker : Bean '(inner bean)#4540c7' of type [com.amazonaws.auth.BasicAWSCredentials] is not eligible for getting processed by all BeanPostProcessors (for example: not eligible for auto-proxying)
2022-05-04 10:10:08.325  INFO 23235 --- [    Test worker] trationDelegate$BeanPostProcessorChecker : Bean '(inner bean)#3355168' of type [com.amazonaws.auth.AWSStaticCredentialsProvider] is not eligible for getting processed by all BeanPostProcessors (for example: not eligible for auto-proxying)
2022-05-04 10:10:08.347  INFO 23235 --- [    Test worker] trationDelegate$BeanPostProcessorChecker : Bean '(inner bean)#6233c6c2' of type [com.amazonaws.auth.profile.ProfileCredentialsProvider] is not eligible for getting processed by all BeanPostProcessors (for example: not eligible for auto-proxying)
2022-05-04 10:10:08.374  INFO 23235 --- [    Test worker] trationDelegate$BeanPostProcessorChecker : Bean 'credentialsProvider' of type [org.springframework.cloud.aws.core.credentials.CredentialsProviderFactoryBean] is not eligible for getting processed by all BeanPostProcessors (for example: not eligible for auto-proxying)
2022-05-04 10:10:08.375  INFO 23235 --- [    Test worker] trationDelegate$BeanPostProcessorChecker : Bean 'credentialsProvider' of type [com.amazonaws.auth.AWSCredentialsProviderChain] is not eligible for getting processed by all BeanPostProcessors (for example: not eligible for auto-proxying)
2022-05-04 10:10:09.158  INFO 23235 --- [    Test worker] o.hibernate.jpa.internal.util.LogHelper  : HHH000204: Processing PersistenceUnitInfo [name: default]
2022-05-04 10:10:09.248  INFO 23235 --- [    Test worker] org.hibernate.Version                    : HHH000412: Hibernate ORM core version 5.6.7.Final
2022-05-04 10:10:09.470  INFO 23235 --- [    Test worker] o.hibernate.annotations.common.Version   : HCANN000001: Hibernate Commons Annotations {5.1.2.Final}
2022-05-04 10:10:09.655  INFO 23235 --- [    Test worker] com.zaxxer.hikari.HikariDataSource       : HikariPool-1 - Starting...
2022-05-04 10:10:10.026  INFO 23235 --- [    Test worker] com.zaxxer.hikari.HikariDataSource       : HikariPool-1 - Start completed.
2022-05-04 10:10:10.055  INFO 23235 --- [    Test worker] org.hibernate.dialect.Dialect            : HHH000400: Using dialect: org.hibernate.dialect.MySQL8Dialect
2022-05-04 10:10:11.096  INFO 23235 --- [    Test worker] o.h.e.t.j.p.i.JtaPlatformInitiator       : HHH000490: Using JtaPlatform implementation: [org.hibernate.engine.transaction.jta.platform.internal.NoJtaPlatform]
2022-05-04 10:10:11.108  INFO 23235 --- [    Test worker] j.LocalContainerEntityManagerFactoryBean : Initialized JPA EntityManagerFactory for persistence unit 'default'
2022-05-04 10:10:13.107  WARN 23235 --- [    Test worker] JpaBaseConfiguration$JpaWebConfiguration : spring.jpa.open-in-view is enabled by default. Therefore, database queries may be performed during view rendering. Explicitly configure spring.jpa.open-in-view to disable this warning
2022-05-04 10:10:14.831  INFO 23235 --- [    Test worker] DiscoveryClientOptionalArgsConfiguration : Eureka HTTP Client uses RestTemplate.
2022-05-04 10:10:14.999  WARN 23235 --- [    Test worker] iguration$LoadBalancerCaffeineWarnLogger : Spring Cloud LoadBalancer is currently working with the default cache. While this cache implementation is useful for development and tests, it's recommended to use Caffeine cache in production.You can switch to using Caffeine cache, by adding it and org.springframework.cache.caffeine.CaffeineCacheManager to the classpath.
2022-05-04 10:10:15.168  INFO 23235 --- [    Test worker] o.s.c.n.eureka.InstanceInfoFactory       : Setting initial instance status as: STARTING
2022-05-04 10:10:15.204  INFO 23235 --- [    Test worker] com.netflix.discovery.DiscoveryClient    : Initializing Eureka in region us-east-1
2022-05-04 10:10:15.209  INFO 23235 --- [    Test worker] c.n.d.s.r.aws.ConfigClusterResolver      : Resolving eureka endpoints via configuration
2022-05-04 10:10:15.233  INFO 23235 --- [    Test worker] com.netflix.discovery.DiscoveryClient    : Disable delta property : false
2022-05-04 10:10:15.234  INFO 23235 --- [    Test worker] com.netflix.discovery.DiscoveryClient    : Single vip registry refresh property : null
2022-05-04 10:10:15.234  INFO 23235 --- [    Test worker] com.netflix.discovery.DiscoveryClient    : Force full registry fetch : false
2022-05-04 10:10:15.234  INFO 23235 --- [    Test worker] com.netflix.discovery.DiscoveryClient    : Application is null : false
2022-05-04 10:10:15.234  INFO 23235 --- [    Test worker] com.netflix.discovery.DiscoveryClient    : Registered Applications size is zero : true
2022-05-04 10:10:15.234  INFO 23235 --- [    Test worker] com.netflix.discovery.DiscoveryClient    : Application version is -1: true
2022-05-04 10:10:15.234  INFO 23235 --- [    Test worker] com.netflix.discovery.DiscoveryClient    : Getting all instance registry info from the eureka server
2022-05-04 10:10:15.469  INFO 23235 --- [    Test worker] com.netflix.discovery.DiscoveryClient    : The response status is 200
2022-05-04 10:10:15.475  INFO 23235 --- [    Test worker] com.netflix.discovery.DiscoveryClient    : Starting heartbeat executor: renew interval is: 30
2022-05-04 10:10:15.478  INFO 23235 --- [    Test worker] c.n.discovery.InstanceInfoReplicator     : InstanceInfoReplicator onDemand update allowed rate per min is 4
2022-05-04 10:10:15.484  INFO 23235 --- [    Test worker] com.netflix.discovery.DiscoveryClient    : Discovery Client initialized at timestamp 1651626615483 with initial instances count: 22
2022-05-04 10:10:15.505  INFO 23235 --- [    Test worker] o.s.c.n.e.s.EurekaServiceRegistry        : Registering application ADVENT-SERVER with eureka with status UP
2022-05-04 10:10:15.506  INFO 23235 --- [    Test worker] com.netflix.discovery.DiscoveryClient    : Saw local status change event StatusChangeEvent [timestamp=1651626615506, current=UP, previous=STARTING]
2022-05-04 10:10:15.509  INFO 23235 --- [nfoReplicator-0] com.netflix.discovery.DiscoveryClient    : DiscoveryClient_ADVENT-SERVER/192.168.35.143:advent-server:8082: registering service...
2022-05-04 10:10:15.630  INFO 23235 --- [nfoReplicator-0] com.netflix.discovery.DiscoveryClient    : DiscoveryClient_ADVENT-SERVER/192.168.35.143:advent-server:8082 - registration status: 204
2022-05-04 10:10:16.133  INFO 23235 --- [    Test worker] c.s.a.AdventServerApplicationTests       : Started AdventServerApplicationTests in 18.619 seconds (JVM running for 20.601)
]]></system-out>
  <system-err><![CDATA[]]></system-err>
</testsuite>
