<?xml version="1.0" encoding="UTF-8"?>
<testsuite name="com.ssafy.confsvr.ConfigServerApplicationTests" tests="1" skipped="0" failures="0" errors="0" timestamp="2022-04-26T15:01:41" hostname="kyeongminui-MacBookAir.local" time="0.41">
  <properties/>
  <testcase name="contextLoads()" classname="com.ssafy.confsvr.ConfigServerApplicationTests" time="0.41"/>
  <system-out><![CDATA[00:01:35.234 [Test worker] DEBUG org.springframework.test.context.BootstrapUtils - Instantiating CacheAwareContextLoaderDelegate from class [org.springframework.test.context.cache.DefaultCacheAwareContextLoaderDelegate]
00:01:35.261 [Test worker] DEBUG org.springframework.test.context.BootstrapUtils - Instantiating BootstrapContext using constructor [public org.springframework.test.context.support.DefaultBootstrapContext(java.lang.Class,org.springframework.test.context.CacheAwareContextLoaderDelegate)]
00:01:35.342 [Test worker] DEBUG org.springframework.test.context.BootstrapUtils - Instantiating TestContextBootstrapper for test class [com.ssafy.confsvr.ConfigServerApplicationTests] from class [org.springframework.boot.test.context.SpringBootTestContextBootstrapper]
00:01:35.368 [Test worker] INFO org.springframework.boot.test.context.SpringBootTestContextBootstrapper - Neither @ContextConfiguration nor @ContextHierarchy found for test class [com.ssafy.confsvr.ConfigServerApplicationTests], using SpringBootContextLoader
00:01:35.376 [Test worker] DEBUG org.springframework.test.context.support.AbstractContextLoader - Did not detect default resource location for test class [com.ssafy.confsvr.ConfigServerApplicationTests]: class path resource [com/ssafy/confsvr/ConfigServerApplicationTests-context.xml] does not exist
00:01:35.377 [Test worker] DEBUG org.springframework.test.context.support.AbstractContextLoader - Did not detect default resource location for test class [com.ssafy.confsvr.ConfigServerApplicationTests]: class path resource [com/ssafy/confsvr/ConfigServerApplicationTestsContext.groovy] does not exist
00:01:35.378 [Test worker] INFO org.springframework.test.context.support.AbstractContextLoader - Could not detect default resource locations for test class [com.ssafy.confsvr.ConfigServerApplicationTests]: no resource found for suffixes {-context.xml, Context.groovy}.
00:01:35.380 [Test worker] INFO org.springframework.test.context.support.AnnotationConfigContextLoaderUtils - Could not detect default configuration classes for test class [com.ssafy.confsvr.ConfigServerApplicationTests]: ConfigServerApplicationTests does not declare any static, non-private, non-final, nested classes annotated with @Configuration.
00:01:35.554 [Test worker] DEBUG org.springframework.test.context.support.ActiveProfilesUtils - Could not find an 'annotation declaring class' for annotation type [org.springframework.test.context.ActiveProfiles] and class [com.ssafy.confsvr.ConfigServerApplicationTests]
00:01:35.997 [Test worker] DEBUG org.springframework.context.annotation.ClassPathScanningCandidateComponentProvider - Identified candidate component class: file [/Users/kyeongmin/ssafy3/C206/backend/ConfigServer/build/classes/java/main/com/ssafy/confsvr/ConfigServerApplication.class]
00:01:36.005 [Test worker] INFO org.springframework.boot.test.context.SpringBootTestContextBootstrapper - Found @SpringBootConfiguration com.ssafy.confsvr.ConfigServerApplication for test class com.ssafy.confsvr.ConfigServerApplicationTests
00:01:36.184 [Test worker] DEBUG org.springframework.boot.test.context.SpringBootTestContextBootstrapper - @TestExecutionListeners is not present for class [com.ssafy.confsvr.ConfigServerApplicationTests]: using defaults.
00:01:36.186 [Test worker] INFO org.springframework.boot.test.context.SpringBootTestContextBootstrapper - Loaded default TestExecutionListener class names from location [META-INF/spring.factories]: [org.springframework.boot.test.autoconfigure.restdocs.RestDocsTestExecutionListener, org.springframework.boot.test.autoconfigure.web.client.MockRestServiceServerResetTestExecutionListener, org.springframework.boot.test.autoconfigure.web.servlet.MockMvcPrintOnlyOnFailureTestExecutionListener, org.springframework.boot.test.autoconfigure.web.servlet.WebDriverTestExecutionListener, org.springframework.boot.test.autoconfigure.webservices.client.MockWebServiceServerTestExecutionListener, org.springframework.boot.test.mock.mockito.MockitoTestExecutionListener, org.springframework.boot.test.mock.mockito.ResetMocksTestExecutionListener, org.springframework.test.context.web.ServletTestExecutionListener, org.springframework.test.context.support.DirtiesContextBeforeModesTestExecutionListener, org.springframework.test.context.event.ApplicationEventsTestExecutionListener, org.springframework.test.context.support.DependencyInjectionTestExecutionListener, org.springframework.test.context.support.DirtiesContextTestExecutionListener, org.springframework.test.context.transaction.TransactionalTestExecutionListener, org.springframework.test.context.jdbc.SqlScriptsTestExecutionListener, org.springframework.test.context.event.EventPublishingTestExecutionListener]
00:01:36.198 [Test worker] DEBUG org.springframework.boot.test.context.SpringBootTestContextBootstrapper - Skipping candidate TestExecutionListener [org.springframework.test.context.transaction.TransactionalTestExecutionListener] due to a missing dependency. Specify custom listener classes or make the default listener classes and their required dependencies available. Offending class: [org/springframework/transaction/TransactionDefinition]
00:01:36.199 [Test worker] DEBUG org.springframework.boot.test.context.SpringBootTestContextBootstrapper - Skipping candidate TestExecutionListener [org.springframework.test.context.jdbc.SqlScriptsTestExecutionListener] due to a missing dependency. Specify custom listener classes or make the default listener classes and their required dependencies available. Offending class: [org/springframework/transaction/interceptor/TransactionAttribute]
00:01:36.199 [Test worker] INFO org.springframework.boot.test.context.SpringBootTestContextBootstrapper - Using TestExecutionListeners: [org.springframework.test.context.web.ServletTestExecutionListener@fff25f1, org.springframework.test.context.support.DirtiesContextBeforeModesTestExecutionListener@c00fff0, org.springframework.test.context.event.ApplicationEventsTestExecutionListener@263f04ca, org.springframework.boot.test.mock.mockito.MockitoTestExecutionListener@2ca47471, org.springframework.boot.test.autoconfigure.SpringBootDependencyInjectionTestExecutionListener@5a021cb9, org.springframework.test.context.support.DirtiesContextTestExecutionListener@51768776, org.springframework.test.context.event.EventPublishingTestExecutionListener@f31c0c6, org.springframework.boot.test.autoconfigure.restdocs.RestDocsTestExecutionListener@b93aad, org.springframework.boot.test.autoconfigure.web.client.MockRestServiceServerResetTestExecutionListener@4a9419d7, org.springframework.boot.test.autoconfigure.web.servlet.MockMvcPrintOnlyOnFailureTestExecutionListener@2f3c6ac4, org.springframework.boot.test.autoconfigure.web.servlet.WebDriverTestExecutionListener@2e8ab815, org.springframework.boot.test.autoconfigure.webservices.client.MockWebServiceServerTestExecutionListener@67af833b, org.springframework.boot.test.mock.mockito.ResetMocksTestExecutionListener@d1f74b8]
00:01:36.205 [Test worker] DEBUG org.springframework.test.context.support.AbstractDirtiesContextTestExecutionListener - Before test class: context [DefaultTestContext@72efb5c1 testClass = ConfigServerApplicationTests, testInstance = [null], testMethod = [null], testException = [null], mergedContextConfiguration = [WebMergedContextConfiguration@6d511b5f testClass = ConfigServerApplicationTests, locations = '{}', classes = '{class com.ssafy.confsvr.ConfigServerApplication}', contextInitializerClasses = '[]', activeProfiles = '{}', propertySourceLocations = '{}', propertySourceProperties = '{org.springframework.boot.test.context.SpringBootTestContextBootstrapper=true}', contextCustomizers = set[org.springframework.boot.test.autoconfigure.actuate.metrics.MetricsExportContextCustomizerFactory$DisableMetricExportContextCustomizer@85e6769, org.springframework.boot.test.autoconfigure.properties.PropertyMappingContextCustomizer@0, org.springframework.boot.test.autoconfigure.web.servlet.WebDriverContextCustomizerFactory$Customizer@7096b474, org.springframework.boot.test.context.filter.ExcludeFilterContextCustomizer@25bc0606, org.springframework.boot.test.json.DuplicateJsonObjectContextCustomizerFactory$DuplicateJsonObjectContextCustomizer@1951b871, org.springframework.boot.test.mock.mockito.MockitoContextCustomizer@0, org.springframework.boot.test.web.client.TestRestTemplateContextCustomizer@278bb07e, org.springframework.boot.test.context.SpringBootTestArgs@1, org.springframework.boot.test.context.SpringBootTestWebEnvironment@1df8da7a], resourceBasePath = 'src/main/webapp', contextLoader = 'org.springframework.boot.test.context.SpringBootContextLoader', parent = [null]], attributes = map['org.springframework.test.context.web.ServletTestExecutionListener.activateListener' -> true]], class annotated with @DirtiesContext [false] with mode [null].

  .   ____          _            __ _ _
 /\\ / ___'_ __ _ _(_)_ __  __ _ \ \ \ \
( ( )\___ | '_ | '_| | '_ \/ _` | \ \ \ \
 \\/  ___)| |_)| | | | | || (_| |  ) ) ) )
  '  |____| .__|_| |_|_| |_\__, | / / / /
 =========|_|==============|___/=/_/_/_/
 :: Spring Boot ::                (v2.6.4)

2022-04-27 00:01:37.126  INFO 66907 --- [    Test worker] c.s.c.ConfigServerApplicationTests       : Starting ConfigServerApplicationTests using Java 11.0.11 on kyeongminui-MacBookAir.local with PID 66907 (started by kyeongmin in /Users/kyeongmin/ssafy3/C206/backend/ConfigServer)
2022-04-27 00:01:37.130  INFO 66907 --- [    Test worker] c.s.c.ConfigServerApplicationTests       : The following 1 profile is active: "native"
2022-04-27 00:01:38.716  INFO 66907 --- [    Test worker] o.s.cloud.context.scope.GenericScope     : BeanFactory id=9e9fd11c-7c67-3d2e-ad2b-55d5b98d3281
2022-04-27 00:01:41.261  INFO 66907 --- [    Test worker] c.s.c.ConfigServerApplicationTests       : Started ConfigServerApplicationTests in 4.872 seconds (JVM running for 7.776)
]]></system-out>
  <system-err><![CDATA[]]></system-err>
</testsuite>
